CRITICAL - 2020-07-10 12:16:31 --> Unknown database 'praktikum'
#0 C:\xamp\htdocs\FormLogin\system\Database\BaseConnection.php(377): CodeIgniter\Database\MySQLi\Connection->connect(false)
#1 C:\xamp\htdocs\FormLogin\system\Database\BaseConnection.php(643): CodeIgniter\Database\BaseConnection->initialize()
#2 C:\xamp\htdocs\FormLogin\system\Database\BaseBuilder.php(1845): CodeIgniter\Database\BaseConnection->query('SELECT *\nFROM `...', Array, false)
#3 C:\xamp\htdocs\FormLogin\app\Models\M_user.php(10): CodeIgniter\Database\BaseBuilder->get()
#4 C:\xamp\htdocs\FormLogin\app\Controllers\Login.php(19): App\Models\M_user->get_data('Iinagustiaaa@gm...', 'iin')
#5 C:\xamp\htdocs\FormLogin\system\CodeIgniter.php(914): App\Controllers\Login->login_action()
#6 C:\xamp\htdocs\FormLogin\system\CodeIgniter.php(400): CodeIgniter\CodeIgniter->runController(Object(App\Controllers\Login))
#7 C:\xamp\htdocs\FormLogin\system\CodeIgniter.php(308): CodeIgniter\CodeIgniter->handleRequest(NULL, Object(Config\Cache), false)
#8 C:\xamp\htdocs\FormLogin\public\index.php(45): CodeIgniter\CodeIgniter->run()
#9 C:\xamp\htdocs\FormLogin\system\Commands\Server\rewrite.php(34): require_once('C:\\xamp\\htdocs\\...')
#10 {main}
CRITICAL - 2020-07-10 13:10:48 --> Unknown database 'praktikum'
#0 C:\xamp\htdocs\FormLogin\system\Database\BaseConnection.php(377): CodeIgniter\Database\MySQLi\Connection->connect(false)
#1 C:\xamp\htdocs\FormLogin\system\Database\BaseConnection.php(643): CodeIgniter\Database\BaseConnection->initialize()
#2 C:\xamp\htdocs\FormLogin\system\Database\BaseBuilder.php(1845): CodeIgniter\Database\BaseConnection->query('SELECT *\nFROM `...', Array, false)
#3 C:\xamp\htdocs\FormLogin\app\Models\M_user.php(10): CodeIgniter\Database\BaseBuilder->get()
#4 C:\xamp\htdocs\FormLogin\app\Controllers\Login.php(19): App\Models\M_user->get_data('Iinagustiaaa@gm...', 'iinagustia')
#5 C:\xamp\htdocs\FormLogin\system\CodeIgniter.php(914): App\Controllers\Login->login_action()
#6 C:\xamp\htdocs\FormLogin\system\CodeIgniter.php(400): CodeIgniter\CodeIgniter->runController(Object(App\Controllers\Login))
#7 C:\xamp\htdocs\FormLogin\system\CodeIgniter.php(308): CodeIgniter\CodeIgniter->handleRequest(NULL, Object(Config\Cache), false)
#8 C:\xamp\htdocs\FormLogin\public\index.php(45): CodeIgniter\CodeIgniter->run()
#9 C:\xamp\htdocs\FormLogin\system\Commands\Server\rewrite.php(34): require_once('C:\\xamp\\htdocs\\...')
#10 {main}
CRITICAL - 2020-07-10 13:11:14 --> Unknown database 'praktikum'
#0 C:\xamp\htdocs\FormLogin\system\Database\BaseConnection.php(377): CodeIgniter\Database\MySQLi\Connection->connect(false)
#1 C:\xamp\htdocs\FormLogin\system\Database\BaseConnection.php(643): CodeIgniter\Database\BaseConnection->initialize()
#2 C:\xamp\htdocs\FormLogin\system\Database\BaseBuilder.php(1845): CodeIgniter\Database\BaseConnection->query('SELECT *\nFROM `...', Array, false)
#3 C:\xamp\htdocs\FormLogin\app\Models\M_user.php(10): CodeIgniter\Database\BaseBuilder->get()
#4 C:\xamp\htdocs\FormLogin\app\Controllers\Login.php(19): App\Models\M_user->get_data('Iinagustiaaa@gm...', 'iinagustia')
#5 C:\xamp\htdocs\FormLogin\system\CodeIgniter.php(914): App\Controllers\Login->login_action()
#6 C:\xamp\htdocs\FormLogin\system\CodeIgniter.php(400): CodeIgniter\CodeIgniter->runController(Object(App\Controllers\Login))
#7 C:\xamp\htdocs\FormLogin\system\CodeIgniter.php(308): CodeIgniter\CodeIgniter->handleRequest(NULL, Object(Config\Cache), false)
#8 C:\xamp\htdocs\FormLogin\public\index.php(45): CodeIgniter\CodeIgniter->run()
#9 C:\xamp\htdocs\FormLogin\system\Commands\Server\rewrite.php(34): require_once('C:\\xamp\\htdocs\\...')
#10 {main}
CRITICAL - 2020-07-10 13:11:40 --> Unknown database 'praktikum'
#0 C:\xamp\htdocs\FormLogin\system\Database\BaseConnection.php(377): CodeIgniter\Database\MySQLi\Connection->connect(false)
#1 C:\xamp\htdocs\FormLogin\system\Database\BaseConnection.php(643): CodeIgniter\Database\BaseConnection->initialize()
#2 C:\xamp\htdocs\FormLogin\system\Database\BaseBuilder.php(1845): CodeIgniter\Database\BaseConnection->query('SELECT *\nFROM `...', Array, false)
#3 C:\xamp\htdocs\FormLogin\app\Models\M_user.php(10): CodeIgniter\Database\BaseBuilder->get()
#4 C:\xamp\htdocs\FormLogin\app\Controllers\Login.php(19): App\Models\M_user->get_data('teddy@gmail.com', 'tdy')
#5 C:\xamp\htdocs\FormLogin\system\CodeIgniter.php(914): App\Controllers\Login->login_action()
#6 C:\xamp\htdocs\FormLogin\system\CodeIgniter.php(400): CodeIgniter\CodeIgniter->runController(Object(App\Controllers\Login))
#7 C:\xamp\htdocs\FormLogin\system\CodeIgniter.php(308): CodeIgniter\CodeIgniter->handleRequest(NULL, Object(Config\Cache), false)
#8 C:\xamp\htdocs\FormLogin\public\index.php(45): CodeIgniter\CodeIgniter->run()
#9 C:\xamp\htdocs\FormLogin\system\Commands\Server\rewrite.php(34): require_once('C:\\xamp\\htdocs\\...')
#10 {main}
CRITICAL - 2020-07-10 13:12:00 --> Unknown database 'praktikum'
#0 C:\xamp\htdocs\FormLogin\system\Database\BaseConnection.php(377): CodeIgniter\Database\MySQLi\Connection->connect(false)
#1 C:\xamp\htdocs\FormLogin\system\Database\BaseConnection.php(643): CodeIgniter\Database\BaseConnection->initialize()
#2 C:\xamp\htdocs\FormLogin\system\Database\BaseBuilder.php(1845): CodeIgniter\Database\BaseConnection->query('SELECT *\nFROM `...', Array, false)
#3 C:\xamp\htdocs\FormLogin\app\Models\M_user.php(10): CodeIgniter\Database\BaseBuilder->get()
#4 C:\xamp\htdocs\FormLogin\app\Controllers\Login.php(19): App\Models\M_user->get_data('teddy@gmail.com', 'tdy')
#5 C:\xamp\htdocs\FormLogin\system\CodeIgniter.php(914): App\Controllers\Login->login_action()
#6 C:\xamp\htdocs\FormLogin\system\CodeIgniter.php(400): CodeIgniter\CodeIgniter->runController(Object(App\Controllers\Login))
#7 C:\xamp\htdocs\FormLogin\system\CodeIgniter.php(308): CodeIgniter\CodeIgniter->handleRequest(NULL, Object(Config\Cache), false)
#8 C:\xamp\htdocs\FormLogin\public\index.php(45): CodeIgniter\CodeIgniter->run()
#9 C:\xamp\htdocs\FormLogin\system\Commands\Server\rewrite.php(34): require_once('C:\\xamp\\htdocs\\...')
#10 {main}
CRITICAL - 2020-07-10 22:41:00 --> Unknown database 'praktikum'
#0 C:\xamp\htdocs\FormLogin\system\Database\BaseConnection.php(377): CodeIgniter\Database\MySQLi\Connection->connect(false)
#1 C:\xamp\htdocs\FormLogin\system\Database\BaseConnection.php(643): CodeIgniter\Database\BaseConnection->initialize()
#2 C:\xamp\htdocs\FormLogin\system\Database\BaseBuilder.php(1845): CodeIgniter\Database\BaseConnection->query('SELECT *\nFROM `...', Array, false)
#3 C:\xamp\htdocs\FormLogin\app\Models\M_user.php(10): CodeIgniter\Database\BaseBuilder->get()
#4 C:\xamp\htdocs\FormLogin\app\Controllers\Login.php(19): App\Models\M_user->get_data('Iinagustiaaa@gm...', 'Iinagustia')
#5 C:\xamp\htdocs\FormLogin\system\CodeIgniter.php(914): App\Controllers\Login->login_action()
#6 C:\xamp\htdocs\FormLogin\system\CodeIgniter.php(400): CodeIgniter\CodeIgniter->runController(Object(App\Controllers\Login))
#7 C:\xamp\htdocs\FormLogin\system\CodeIgniter.php(308): CodeIgniter\CodeIgniter->handleRequest(NULL, Object(Config\Cache), false)
#8 C:\xamp\htdocs\FormLogin\public\index.php(45): CodeIgniter\CodeIgniter->run()
#9 C:\xamp\htdocs\FormLogin\system\Commands\Server\rewrite.php(34): require_once('C:\\xamp\\htdocs\\...')
#10 {main}
CRITICAL - 2020-07-10 22:41:18 --> Unknown database 'praktikum'
#0 C:\xamp\htdocs\FormLogin\system\Database\BaseConnection.php(377): CodeIgniter\Database\MySQLi\Connection->connect(false)
#1 C:\xamp\htdocs\FormLogin\system\Database\BaseConnection.php(643): CodeIgniter\Database\BaseConnection->initialize()
#2 C:\xamp\htdocs\FormLogin\system\Database\BaseBuilder.php(1845): CodeIgniter\Database\BaseConnection->query('SELECT *\nFROM `...', Array, false)
#3 C:\xamp\htdocs\FormLogin\app\Models\M_user.php(10): CodeIgniter\Database\BaseBuilder->get()
#4 C:\xamp\htdocs\FormLogin\app\Controllers\Login.php(19): App\Models\M_user->get_data('Iinagustiaaa@gm...', 'Iinagustia')
#5 C:\xamp\htdocs\FormLogin\system\CodeIgniter.php(914): App\Controllers\Login->login_action()
#6 C:\xamp\htdocs\FormLogin\system\CodeIgniter.php(400): CodeIgniter\CodeIgniter->runController(Object(App\Controllers\Login))
#7 C:\xamp\htdocs\FormLogin\system\CodeIgniter.php(308): CodeIgniter\CodeIgniter->handleRequest(NULL, Object(Config\Cache), false)
#8 C:\xamp\htdocs\FormLogin\public\index.php(45): CodeIgniter\CodeIgniter->run()
#9 C:\xamp\htdocs\FormLogin\system\Commands\Server\rewrite.php(34): require_once('C:\\xamp\\htdocs\\...')
#10 {main}
